[18:51:26 Verbose] - BuildManager - C:\Users\opilane\source\repos\TARpe21ShopSivadi\TARpe21ShopSivadi.ApplicationServices\Services\RealEstatesServices.cs(28,20): warning CS8603: Possible null reference return.
[18:51:26 Verbose] - BuildManager - C:\Users\opilane\source\repos\TARpe21ShopSivadi\TARpe21ShopSivadi.ApplicationServices\Services\WeatherForecastsServices.cs(27,32): warning SYSLIB0014: 'WebClient.WebClient()' is obsolete: 'WebRequest, HttpWebRequest, ServicePoint, and WebClient are obsolete. Use HttpClient instead.'
[18:51:26 Verbose] - BuildManager - C:\Users\opilane\source\repos\TARpe21ShopSivadi\TARpe21ShopSivadi.ApplicationServices\Services\WeatherForecastsServices.cs(40,28): warning CS8603: Possible null reference return.
[18:51:26 Verbose] - BuildManager - C:\Users\opilane\source\repos\TARpe21ShopSivadi\TARpe21ShopSivadi.ApplicationServices\Services\WeatherForecastsServices.cs(46,43): warning CS8600: Converting null literal or possible null value to non-nullable type.
[18:51:26 Verbose] - BuildManager - C:\Users\opilane\source\repos\TARpe21ShopSivadi\TARpe21ShopSivadi.ApplicationServices\Services\WeatherForecastsServices.cs(46,43): warning CS8602: Dereference of a possibly null reference.
[18:51:26 Verbose] - BuildManager - C:\Users\opilane\source\repos\TARpe21ShopSivadi\TARpe21ShopSivadi.ApplicationServices\Services\WeatherForecastsServices.cs(26,21): warning CS0168: The variable 'joResponse' is declared but never used
[18:51:26 Verbose] - BuildManager - C:\Users\opilane\source\repos\TARpe21ShopSivadi\TARpe21ShopSivadi.ApplicationServices\Services\WeatherForecastsServices.cs(19,51): warning CS1998: This async method lacks 'await' operators and will run synchronously. Consider using the 'await' operator to await non-blocking API calls, or 'await Task.Run(...)' to do CPU-bound work on a background thread.
[18:51:26 Verbose] - BuildManager - C:\Users\opilane\source\repos\TARpe21ShopSivadi\TARpe21ShopSivadi.ApplicationServices\Services\FilesServices.cs(56,44): warning CS8604: Possible null reference argument for parameter 'entity' in 'EntityEntry<FileToDatabase> DbSet<FileToDatabase>.Remove(FileToDatabase entity)'.
[18:51:26 Verbose] - BuildManager - C:\Users\opilane\source\repos\TARpe21ShopSivadi\TARpe21ShopSivadi.ApplicationServices\Services\SpaceshipsServices.cs(97,20): warning CS8603: Possible null reference return.
[18:51:26 Verbose] - BuildManager - C:\Users\opilane\source\repos\TARpe21ShopSivadi\TARpe21ShopSivadi.ApplicationServices\Services\FilesServices.cs(68,48): warning CS8604: Possible null reference argument for parameter 'entity' in 'EntityEntry<FileToDatabase> DbSet<FileToDatabase>.Remove(FileToDatabase entity)'.
[18:51:26 Verbose] - BuildManager - C:\Users\opilane\source\repos\TARpe21ShopSivadi\TARpe21ShopSivadi.ApplicationServices\Services\FilesServices.cs(71,20): warning CS8603: Possible null reference return.
[18:51:26 Verbose] - BuildManager - C:\Users\opilane\source\repos\TARpe21ShopSivadi\TARpe21ShopSivadi.ApplicationServices\Services\WeatherForecastsServices.cs(63,32): warning SYSLIB0014: 'WebClient.WebClient()' is obsolete: 'WebRequest, HttpWebRequest, ServicePoint, and WebClient are obsolete. Use HttpClient instead.'
[18:51:26 Verbose] - BuildManager - C:\Users\opilane\source\repos\TARpe21ShopSivadi\TARpe21ShopSivadi.ApplicationServices\Services\WeatherForecastsServices.cs(81,40): error CS1061: 'WeatherRootDto' does not contain a definition for 'Headline' and no accessible extension method 'Headline' accepting a first argument of type 'WeatherRootDto' could be found (are you missing a using directive or an assembly reference?)
[18:51:26 Verbose] - BuildManager - C:\Users\opilane\source\repos\TARpe21ShopSivadi\TARpe21ShopSivadi.ApplicationServices\Services\WeatherForecastsServices.cs(82,49): error CS1061: 'WeatherRootDto' does not contain a definition for 'Headline' and no accessible extension method 'Headline' accepting a first argument of type 'WeatherRootDto' could be found (are you missing a using directive or an assembly reference?)
[18:51:26 Verbose] - BuildManager - C:\Users\opilane\source\repos\TARpe21ShopSivadi\TARpe21ShopSivadi.ApplicationServices\Services\WeatherForecastsServices.cs(83,54): error CS1061: 'WeatherRootDto' does not contain a definition for 'Headline' and no accessible extension method 'Headline' accepting a first argument of type 'WeatherRootDto' could be found (are you missing a using directive or an assembly reference?)
[18:51:26 Verbose] - BuildManager - C:\Users\opilane\source\repos\TARpe21ShopSivadi\TARpe21ShopSivadi.ApplicationServices\Services\WeatherForecastsServices.cs(84,44): error CS1061: 'WeatherRootDto' does not contain a definition for 'Headline' and no accessible extension method 'Headline' accepting a first argument of type 'WeatherRootDto' could be found (are you missing a using directive or an assembly reference?)
[18:51:26 Verbose] - BuildManager - C:\Users\opilane\source\repos\TARpe21ShopSivadi\TARpe21ShopSivadi.ApplicationServices\Services\WeatherForecastsServices.cs(85,44): error CS1061: 'WeatherRootDto' does not contain a definition for 'Headline' and no accessible extension method 'Headline' accepting a first argument of type 'WeatherRootDto' could be found (are you missing a using directive or an assembly reference?)
[18:51:26 Verbose] - BuildManager - C:\Users\opilane\source\repos\TARpe21ShopSivadi\TARpe21ShopSivadi.ApplicationServices\Services\WeatherForecastsServices.cs(86,48): error CS1061: 'WeatherRootDto' does not contain a definition for 'Headline' and no accessible extension method 'Headline' accepting a first argument of type 'WeatherRootDto' could be found (are you missing a using directive or an assembly reference?)
[18:51:26 Verbose] - BuildManager - C:\Users\opilane\source\repos\TARpe21ShopSivadi\TARpe21ShopSivadi.ApplicationServices\Services\WeatherForecastsServices.cs(87,46): error CS1061: 'WeatherRootDto' does not contain a definition for 'Headline' and no accessible extension method 'Headline' accepting a first argument of type 'WeatherRootDto' could be found (are you missing a using directive or an assembly reference?)
[18:51:26 Verbose] - BuildManager - C:\Users\opilane\source\repos\TARpe21ShopSivadi\TARpe21ShopSivadi.ApplicationServices\Services\WeatherForecastsServices.cs(88,40): error CS1061: 'WeatherRootDto' does not contain a definition for 'Headline' and no accessible extension method 'Headline' accepting a first argument of type 'WeatherRootDto' could be found (are you missing a using directive or an assembly reference?)
[18:51:26 Verbose] - BuildManager - C:\Users\opilane\source\repos\TARpe21ShopSivadi\TARpe21ShopSivadi.ApplicationServices\Services\WeatherForecastsServices.cs(113,43): warning CS8600: Converting null literal or possible null value to non-nullable type.
[18:51:26 Verbose] - BuildManager - C:\Users\opilane\source\repos\TARpe21ShopSivadi\TARpe21ShopSivadi.ApplicationServices\Services\WeatherForecastsServices.cs(113,43): warning CS8602: Dereference of a possibly null reference.
[18:51:26 Verbose] - BuildManager - C:\Users\opilane\source\repos\TARpe21ShopSivadi\TARpe21ShopSivadi.ApplicationServices\Services\SpaceshipsServices.cs(114,40): warning CS8604: Possible null reference argument for parameter 'entity' in 'EntityEntry<Spaceship> DbSet<Spaceship>.Remove(Spaceship entity)'.
[18:51:26 Verbose] - BuildManager - C:\Users\opilane\source\repos\TARpe21ShopSivadi\TARpe21ShopSivadi.ApplicationServices\Services\FilesServices.cs(75,37): warning CS8600: Converting null literal or possible null value to non-nullable type.
[18:51:26 Verbose] - BuildManager - C:\Users\opilane\source\repos\TARpe21ShopSivadi\TARpe21ShopSivadi.ApplicationServices\Services\SpaceshipsServices.cs(123,20): warning CS8603: Possible null reference return.
[18:51:26 Verbose] - BuildManager - C:\Users\opilane\source\repos\TARpe21ShopSivadi\TARpe21ShopSivadi.ApplicationServices\Services\RealEstatesServices.cs(112,41): warning CS8604: Possible null reference argument for parameter 'entity' in 'EntityEntry<RealEstate> DbSet<RealEstate>.Remove(RealEstate entity)'.
[18:51:26 Verbose] - BuildManager - C:\Users\opilane\source\repos\TARpe21ShopSivadi\TARpe21ShopSivadi.ApplicationServices\Services\FilesServices.cs(107,86): warning CS8602: Dereference of a possibly null reference.
[18:51:26 Verbose] - BuildManager - C:\Users\opilane\source\repos\TARpe21ShopSivadi\TARpe21ShopSivadi.ApplicationServices\Services\FilesServices.cs(115,20): warning CS8603: Possible null reference return.
[18:51:26 Verbose] - BuildManager - C:\Users\opilane\source\repos\TARpe21ShopSivadi\TARpe21ShopSivadi.ApplicationServices\Services\FilesServices.cs(121,82): warning CS8602: Dereference of a possibly null reference.
[18:51:26 Verbose] - BuildManager - C:\Users\opilane\source\repos\TARpe21ShopSivadi\TARpe21ShopSivadi.ApplicationServices\Services\FilesServices.cs(128,20): warning CS8603: Possible null reference return.
[18:51:26 Verbose] - BuildManager - C:\Program Files\Microsoft Visual Studio\2022\Enterprise\MSBuild\Current\Bin\Roslyn\Microsoft.CSharp.Core.targets(75,5): error MSB4181: The "Csc" task returned false but did not log an error.
[18:51:26 Verbose] - BuildManager - Some of the file paths defined in the csproj under the Live Unit Testing build path are missing. Verify whether these files should be present under the Live Unit Testing build path and if necessary update the csproj definition to look these files up in a different place.
[18:51:26 Verbose] - BuildManager - Item _OutputPathItem 'C:\Users\opilane\source\repos\TARpe21ShopSivadi\.vs\TARpe21ShopSivadi\v17\lut\0\b\TARpe21ShopSivadi.ApplicationServices\Debug\net6.0\' evaluated via:
_OutputPathItem: '$(OutDir)' @ C:\Program Files\Microsoft Visual Studio\2022\Enterprise\MSBuild\Current\Bin\amd64\Microsoft.Common.CurrentVersion.targets:310
  OutDir: '$(OutputPath)' @ C:\Program Files\Microsoft Visual Studio\2022\Enterprise\MSBuild\Current\Bin\amd64\Microsoft.Common.CurrentVersion.targets:228
    OutputPath: '$(OutputPath)$(TargetFramework.ToLowerInvariant())\' @ C:\Program Files\dotnet\sdk\6.0.315\Sdks\Microsoft.NET.Sdk\targets\Microsoft.NET.TargetFrameworkInference.targets:245
      OutputPath: '$(BaseOutputPath)$(Configuration)\' @ C:\Program Files\dotnet\sdk\6.0.315\Sdks\Microsoft.NET.Sdk\targets\Microsoft.NET.DefaultOutputPaths.targets:33
        BaseOutputPath: 'C:\Users\opilane\source\repos\TARpe21ShopSivadi\.vs\TARpe21ShopSivadi\v17\lut\0\b\TARpe21ShopSivadi.ApplicationServices\' @ C:\Users\opilane\source\repos\TARpe21ShopSivadi\TARpe21ShopSivadi.ApplicationServices\TARpe21ShopSivadi.ApplicationServices.csproj:0
        Configuration: 'Debug'
[18:51:26 Verbose] - BuildManager - Item AppConfigFileDestination 'C:\Users\opilane\source\repos\TARpe21ShopSivadi\.vs\TARpe21ShopSivadi\v17\lut\0\b\TARpe21ShopSivadi.ApplicationServices\Debug\net6.0\TARpe21ShopSivadi.ApplicationServices.dll.config' evaluated via:
AppConfigFileDestination: '$(OutDir)$(TargetFileName).config' @ C:\Program Files\Microsoft Visual Studio\2022\Enterprise\MSBuild\Current\Bin\amd64\Microsoft.Common.CurrentVersion.targets:339
  OutDir: '$(OutputPath)' @ C:\Program Files\Microsoft Visual Studio\2022\Enterprise\MSBuild\Current\Bin\amd64\Microsoft.Common.CurrentVersion.targets:228
    OutputPath: '$(OutputPath)$(TargetFramework.ToLowerInvariant())\' @ C:\Program Files\dotnet\sdk\6.0.315\Sdks\Microsoft.NET.Sdk\targets\Microsoft.NET.TargetFrameworkInference.targets:245
      OutputPath: '$(BaseOutputPath)$(Configuration)\' @ C:\Program Files\dotnet\sdk\6.0.315\Sdks\Microsoft.NET.Sdk\targets\Microsoft.NET.DefaultOutputPaths.targets:33
        BaseOutputPath: 'C:\Users\opilane\source\repos\TARpe21ShopSivadi\.vs\TARpe21ShopSivadi\v17\lut\0\b\TARpe21ShopSivadi.ApplicationServices\' @ C:\Users\opilane\source\repos\TARpe21ShopSivadi\TARpe21ShopSivadi.ApplicationServices\TARpe21ShopSivadi.ApplicationServices.csproj:0
        Configuration: 'Debug'
  TargetFileName: '$(TargetName)$(TargetExt)' @ C:\Program Files\Microsoft Visual Studio\2022\Enterprise\MSBuild\Current\Bin\amd64\Microsoft.Common.CurrentVersion.targets:248
    TargetName: '$(AssemblyName)' @ C:\Program Files\Microsoft Visual Studio\2022\Enterprise\MSBuild\Current\Bin\amd64\Microsoft.Common.CurrentVersion.targets:240
      AssemblyName: '$(MSBuildProjectName)' @ C:\Program Files\dotnet\sdk\6.0.315\Sdks\Microsoft.NET.Sdk\targets\Microsoft.NET.Sdk.props:32
        MSBuildProjectName: 'TARpe21ShopSivadi.ApplicationServices'
    TargetExt: '.dll' @ C:\Program Files\dotnet\sdk\6.0.315\Sdks\Microsoft.NET.Sdk\targets\Microsoft.NET.Sdk.BeforeCommon.targets:106
[18:51:26 Verbose] - BuildManager - Item _DebugSymbolsOutputPath 'C:\Users\opilane\source\repos\TARpe21ShopSivadi\.vs\TARpe21ShopSivadi\v17\lut\0\b\TARpe21ShopSivadi.ApplicationServices\Debug\net6.0\TARpe21ShopSivadi.ApplicationServices.pdb' evaluated via:
_DebugSymbolsOutputPath: '@(_DebugSymbolsIntermediatePath->'$(OutDir)%(Filename)%(Extension)')' @ C:\Program Files\Microsoft Visual Studio\2022\Enterprise\MSBuild\Current\Bin\amd64\Microsoft.Common.CurrentVersion.targets:406
  OutDir: '$(OutputPath)' @ C:\Program Files\Microsoft Visual Studio\2022\Enterprise\MSBuild\Current\Bin\amd64\Microsoft.Common.CurrentVersion.targets:228
    OutputPath: '$(OutputPath)$(TargetFramework.ToLowerInvariant())\' @ C:\Program Files\dotnet\sdk\6.0.315\Sdks\Microsoft.NET.Sdk\targets\Microsoft.NET.TargetFrameworkInference.targets:245
      OutputPath: '$(BaseOutputPath)$(Configuration)\' @ C:\Program Files\dotnet\sdk\6.0.315\Sdks\Microsoft.NET.Sdk\targets\Microsoft.NET.DefaultOutputPaths.targets:33
        BaseOutputPath: 'C:\Users\opilane\source\repos\TARpe21ShopSivadi\.vs\TARpe21ShopSivadi\v17\lut\0\b\TARpe21ShopSivadi.ApplicationServices\' @ C:\Users\opilane\source\repos\TARpe21ShopSivadi\TARpe21ShopSivadi.ApplicationServices\TARpe21ShopSivadi.ApplicationServices.csproj:0
        Configuration: 'Debug'
[18:51:26 Verbose] - BuildManager - Item _ApplicationManifestFinal 'C:\Users\opilane\source\repos\TARpe21ShopSivadi\.vs\TARpe21ShopSivadi\v17\lut\0\b\TARpe21ShopSivadi.ApplicationServices\Debug\net6.0\Native.TARpe21ShopSivadi.ApplicationServices.manifest' evaluated via:
_ApplicationManifestFinal: '$(OutDir)$(_DeploymentTargetApplicationManifestFileName)' @ C:\Program Files\Microsoft Visual Studio\2022\Enterprise\MSBuild\Current\Bin\amd64\Microsoft.Common.CurrentVersion.targets:444
  OutDir: '$(OutputPath)' @ C:\Program Files\Microsoft Visual Studio\2022\Enterprise\MSBuild\Current\Bin\amd64\Microsoft.Common.CurrentVersion.targets:228
    OutputPath: '$(OutputPath)$(TargetFramework.ToLowerInvariant())\' @ C:\Program Files\dotnet\sdk\6.0.315\Sdks\Microsoft.NET.Sdk\targets\Microsoft.NET.TargetFrameworkInference.targets:245
      OutputPath: '$(BaseOutputPath)$(Configuration)\' @ C:\Program Files\dotnet\sdk\6.0.315\Sdks\Microsoft.NET.Sdk\targets\Microsoft.NET.DefaultOutputPaths.targets:33
        BaseOutputPath: 'C:\Users\opilane\source\repos\TARpe21ShopSivadi\.vs\TARpe21ShopSivadi\v17\lut\0\b\TARpe21ShopSivadi.ApplicationServices\' @ C:\Users\opilane\source\repos\TARpe21ShopSivadi\TARpe21ShopSivadi.ApplicationServices\TARpe21ShopSivadi.ApplicationServices.csproj:0
        Configuration: 'Debug'
  _DeploymentTargetApplicationManifestFileName: 'Native.$(AssemblyName).manifest' @ C:\Program Files\Microsoft Visual Studio\2022\Enterprise\MSBuild\Current\Bin\amd64\Microsoft.Common.CurrentVersion.targets:264
    AssemblyName: '$(MSBuildProjectName)' @ C:\Program Files\dotnet\sdk\6.0.315\Sdks\Microsoft.NET.Sdk\targets\Microsoft.NET.Sdk.props:32
      MSBuildProjectName: 'TARpe21ShopSivadi.ApplicationServices'
